2003.02.19 07:11 A C:\Program Files\IDL52\General\Functions\BinStat.pro --> rattlesnake.anu.edu.au /home/peter/IDL52/General/Functions BinStat.pro
2003.02.19 07:11 A C:\Program Files\IDL52\General\Functions\CentredDifference.pro --> rattlesnake.anu.edu.au /home/peter/IDL52/General/Functions CentredDifference.pro
2003.02.19 07:11 A C:\Program Files\IDL52\General\Functions\CleanString.pro --> rattlesnake.anu.edu.au /home/peter/IDL52/General/Functions CleanString.pro
2003.02.19 07:11 A C:\Program Files\IDL52\General\Functions\Detrend.pro --> rattlesnake.anu.edu.au /home/peter/IDL52/General/Functions Detrend.pro
2003.02.19 07:11 A C:\Program Files\IDL52\General\Functions\Drn.pro --> rattlesnake.anu.edu.au /home/peter/IDL52/General/Functions Drn.pro
2003.02.19 07:11 A C:\Program Files\IDL52\General\Functions\GetLun.pro --> rattlesnake.anu.edu.au /home/peter/IDL52/General/Functions GetLun.pro
2003.02.19 07:11 A C:\Program Files\IDL52\General\Functions\GSTrkFromUV.pro --> rattlesnake.anu.edu.au /home/peter/IDL52/General/Functions GSTrkFromUV.pro
2003.02.19 07:11 A C:\Program Files\IDL52\General\Functions\LinInt.pro --> rattlesnake.anu.edu.au /home/peter/IDL52/General/Functions LinInt.pro
2003.02.19 07:11 A C:\Program Files\IDL52\General\Functions\MeanU.pro --> rattlesnake.anu.edu.au /home/peter/IDL52/General/Functions MeanU.pro
2003.02.19 07:11 A C:\Program Files\IDL52\General\Functions\molen.pro --> rattlesnake.anu.edu.au /home/peter/IDL52/General/Functions molen.pro
2003.02.19 07:11 A C:\Program Files\IDL52\General\Functions\phih.pro --> rattlesnake.anu.edu.au /home/peter/IDL52/General/Functions phih.pro
2003.02.19 07:11 A C:\Program Files\IDL52\General\Functions\phim.pro --> rattlesnake.anu.edu.au /home/peter/IDL52/General/Functions phim.pro
2003.02.19 07:11 A C:\Program Files\IDL52\General\Functions\psim.pro --> rattlesnake.anu.edu.au /home/peter/IDL52/General/Functions psim.pro
2003.02.19 07:11 A C:\Program Files\IDL52\General\Functions\rho.pro --> rattlesnake.anu.edu.au /home/peter/IDL52/General/Functions rho.pro
2003.02.19 07:11 A C:\Program Files\IDL52\General\Functions\RunningCovar.pro --> rattlesnake.anu.edu.au /home/peter/IDL52/General/Functions RunningCovar.pro
2003.02.19 07:11 A C:\Program Files\IDL52\General\Functions\RunningMean.pro --> rattlesnake.anu.edu.au /home/peter/IDL52/General/Functions RunningMean.pro
2003.02.19 07:11 A C:\Program Files\IDL52\General\Functions\RunSum.pro --> rattlesnake.anu.edu.au /home/peter/IDL52/General/Functions RunSum.pro
2003.02.19 07:11 A C:\Program Files\IDL52\General\Functions\Spd.pro --> rattlesnake.anu.edu.au /home/peter/IDL52/General/Functions Spd.pro
2003.02.19 07:11 A C:\Program Files\IDL52\General\Functions\Theta.pro --> rattlesnake.anu.edu.au /home/peter/IDL52/General/Functions Theta.pro
2003.02.19 07:11 A C:\Program Files\IDL52\General\Functions\UVFromGSTrk.pro --> rattlesnake.anu.edu.au /home/peter/IDL52/General/Functions UVFromGSTrk.pro
