2003.02.19 07:10 A C:\Program Files\IDL52\General\Footprint\20021215.ZIP --> rattlesnake.anu.edu.au /home/peter/IDL52/General/Footprint 20021215.ZIP
2003.02.19 07:10 A C:\Program Files\IDL52\General\Footprint\AConst.pro --> rattlesnake.anu.edu.au /home/peter/IDL52/General/Footprint AConst.pro
2003.02.19 07:10 A C:\Program Files\IDL52\General\Footprint\BConst.pro --> rattlesnake.anu.edu.au /home/peter/IDL52/General/Footprint BConst.pro
2003.02.19 07:10 A C:\Program Files\IDL52\General\Footprint\CWIF.pro --> rattlesnake.anu.edu.au /home/peter/IDL52/General/Footprint CWIF.pro
2003.02.19 07:10 A C:\Program Files\IDL52\General\Footprint\CWIF_Neg.pro --> rattlesnake.anu.edu.au /home/peter/IDL52/General/Footprint CWIF_Neg.pro
2003.02.19 07:10 A C:\Program Files\IDL52\General\Footprint\CWIF_root.pro --> rattlesnake.anu.edu.au /home/peter/IDL52/General/Footprint CWIF_root.pro
2003.02.19 07:10 A C:\Program Files\IDL52\General\Footprint\CWIFExact.BAK --> rattlesnake.anu.edu.au /home/peter/IDL52/General/Footprint CWIFExact.BAK
2003.02.19 07:10 A C:\Program Files\IDL52\General\Footprint\CWIFExact.pro --> rattlesnake.anu.edu.au /home/peter/IDL52/General/Footprint CWIFExact.pro
2003.02.19 07:10 A C:\Program Files\IDL52\General\Footprint\CWIFootprint.pro --> rattlesnake.anu.edu.au /home/peter/IDL52/General/Footprint CWIFootprint.pro
2003.02.19 07:10 A C:\Program Files\IDL52\General\Footprint\Dy.pro --> rattlesnake.anu.edu.au /home/peter/IDL52/General/Footprint Dy.pro
2003.02.19 07:10 A C:\Program Files\IDL52\General\Footprint\dZbBydx.pro --> rattlesnake.anu.edu.au /home/peter/IDL52/General/Footprint dZbBydx.pro
2003.02.19 07:10 A C:\Program Files\IDL52\General\Footprint\dzbdx.pro --> rattlesnake.anu.edu.au /home/peter/IDL52/General/Footprint dzbdx.pro
2003.02.19 07:10 A C:\Program Files\IDL52\General\Footprint\FPNAtXY_Int.pro --> rattlesnake.anu.edu.au /home/peter/IDL52/General/Footprint FPNAtXY_Int.pro
2003.02.19 07:10 A C:\Program Files\IDL52\General\Footprint\FPNAtY0_Neg.pro --> rattlesnake.anu.edu.au /home/peter/IDL52/General/Footprint FPNAtY0_Neg.pro
2003.02.19 07:10 A C:\Program Files\IDL52\General\Footprint\FPNAtY0_Root.pro --> rattlesnake.anu.edu.au /home/peter/IDL52/General/Footprint FPNAtY0_Root.pro
2003.02.19 07:10 A C:\Program Files\IDL52\General\Footprint\PConst.pro --> rattlesnake.anu.edu.au /home/peter/IDL52/General/Footprint PConst.pro
2003.02.19 07:10 A C:\Program Files\IDL52\General\Footprint\psifnz.pro --> rattlesnake.anu.edu.au /home/peter/IDL52/General/Footprint psifnz.pro
2003.02.19 07:10 A C:\Program Files\IDL52\General\Footprint\shape.pro --> rattlesnake.anu.edu.au /home/peter/IDL52/General/Footprint shape.pro
2003.02.19 07:10 A C:\Program Files\IDL52\General\Footprint\SigmaY.pro --> rattlesnake.anu.edu.au /home/peter/IDL52/General/Footprint SigmaY.pro
2003.02.19 07:10 A C:\Program Files\IDL52\General\Footprint\SigmaZ.pro --> rattlesnake.anu.edu.au /home/peter/IDL52/General/Footprint SigmaZ.pro
2003.02.19 07:10 A C:\Program Files\IDL52\General\Footprint\SWFAtX.pro --> rattlesnake.anu.edu.au /home/peter/IDL52/General/Footprint SWFAtX.pro
2003.02.19 07:10 A C:\Program Files\IDL52\General\Footprint\SWFAtX_Golden.pro --> rattlesnake.anu.edu.au /home/peter/IDL52/General/Footprint SWFAtX_Golden.pro
2003.02.19 07:10 A C:\Program Files\IDL52\General\Footprint\SWFAtX_Rtbis.pro --> rattlesnake.anu.edu.au /home/peter/IDL52/General/Footprint SWFAtX_Rtbis.pro
2003.02.19 07:10 A C:\Program Files\IDL52\General\Footprint\SWFAtXY.pro --> rattlesnake.anu.edu.au /home/peter/IDL52/General/Footprint SWFAtXY.pro
2003.02.19 07:10 A C:\Program Files\IDL52\General\Footprint\SWFRoot.pro --> rattlesnake.anu.edu.au /home/peter/IDL52/General/Footprint SWFRoot.pro
2003.02.19 07:10 A C:\Program Files\IDL52\General\Footprint\UbCWIC.BAK --> rattlesnake.anu.edu.au /home/peter/IDL52/General/Footprint UbCWIC.BAK
2003.02.19 07:10 A C:\Program Files\IDL52\General\Footprint\UbCWIC.pro --> rattlesnake.anu.edu.au /home/peter/IDL52/General/Footprint UbCWIC.pro
2003.02.19 07:10 A C:\Program Files\IDL52\General\Footprint\uzbar.pro --> rattlesnake.anu.edu.au /home/peter/IDL52/General/Footprint uzbar.pro
2003.02.19 07:10 A C:\Program Files\IDL52\General\Footprint\xwindintfpn.BAK --> rattlesnake.anu.edu.au /home/peter/IDL52/General/Footprint xwindintfpn.BAK
2003.02.19 07:10 A C:\Program Files\IDL52\General\Footprint\xwindintfpn.pro --> rattlesnake.anu.edu.au /home/peter/IDL52/General/Footprint xwindintfpn.pro
2003.02.19 07:10 A C:\Program Files\IDL52\General\Footprint\ylimits.pro --> rattlesnake.anu.edu.au /home/peter/IDL52/General/Footprint ylimits.pro
2003.02.19 07:11 A C:\Program Files\IDL52\General\Footprint\zbar.pro --> rattlesnake.anu.edu.au /home/peter/IDL52/General/Footprint zbar.pro
2003.02.19 07:11 A C:\Program Files\IDL52\General\Footprint\ZbarChk.pro --> rattlesnake.anu.edu.au /home/peter/IDL52/General/Footprint ZbarChk.pro
2003.02.19 07:11 A C:\Program Files\IDL52\General\Footprint\zbarfnx.pro --> rattlesnake.anu.edu.au /home/peter/IDL52/General/Footprint zbarfnx.pro
